/*C3*/SET SCHEMA PUBLIC
DELETE FROM PRODUTO WHERE ID=1147
DELETE FROM PRODUTO WHERE ID=1148
DELETE FROM PRODUTO WHERE ID=1149
DELETE FROM PRODUTO WHERE ID=1150
DELETE FROM PRODUTO WHERE ID=1151
DELETE FROM PRODUTO WHERE ID=1152
DELETE FROM PRODUTO WHERE ID=1153
DELETE FROM PRODUTO WHERE ID=1154
DELETE FROM PRODUTO WHERE ID=1155
DELETE FROM PRODUTO WHERE ID=1156
DELETE FROM PRODUTO WHERE ID=1157
DELETE FROM PRODUTO WHERE ID=1158
DELETE FROM PRODUTO WHERE ID=1159
DELETE FROM PRODUTO WHERE ID=1160
DELETE FROM PRODUTO WHERE ID=1161
DELETE FROM PRODUTO WHERE ID=1162
DELETE FROM PRODUTO WHERE ID=1163
DELETE FROM PRODUTO WHERE ID=1164
DELETE FROM PRODUTO WHERE ID=1165
DELETE FROM PRODUTO WHERE ID=1166
DELETE FROM PRODUTO WHERE ID=1167
DELETE FROM PRODUTO WHERE ID=1168
DELETE FROM PRODUTO WHERE ID=1169
DELETE FROM PRODUTO WHERE ID=1170
DELETE FROM PRODUTO WHERE ID=1171
DELETE FROM PRODUTO WHERE ID=1172
DELETE FROM PRODUTO WHERE ID=1173
DELETE FROM PRODUTO WHERE ID=1174
DELETE FROM PRODUTO WHERE ID=1175
DELETE FROM PRODUTO WHERE ID=1176
DELETE FROM PRODUTO WHERE ID=1177
DELETE FROM PRODUTO WHERE ID=1178
DELETE FROM PRODUTO WHERE ID=1179
DELETE FROM PRODUTO WHERE ID=1180
DELETE FROM PRODUTO WHERE ID=1181
DELETE FROM PRODUTO WHERE ID=1182
DELETE FROM PRODUTO WHERE ID=1183
DELETE FROM PRODUTO WHERE ID=1184
DELETE FROM PRODUTO WHERE ID=1185
DELETE FROM PRODUTO WHERE ID=1186
DELETE FROM PRODUTO WHERE ID=1187
DELETE FROM PRODUTO WHERE ID=1188
DELETE FROM PRODUTO WHERE ID=1189
DELETE FROM PRODUTO WHERE ID=1190
DELETE FROM PRODUTO WHERE ID=1191
DELETE FROM PRODUTO WHERE ID=1192
DELETE FROM PRODUTO WHERE ID=1193
DELETE FROM PRODUTO WHERE ID=1194
DELETE FROM PRODUTO WHERE ID=1195
DELETE FROM PRODUTO WHERE ID=1196
DELETE FROM PRODUTO WHERE ID=1197
DELETE FROM PRODUTO WHERE ID=1198
DELETE FROM PRODUTO WHERE ID=1199
DELETE FROM PRODUTO WHERE ID=1200
DELETE FROM PRODUTO WHERE ID=1201
DELETE FROM PRODUTO WHERE ID=1202
DELETE FROM PRODUTO WHERE ID=1203
DELETE FROM PRODUTO WHERE ID=1204
DELETE FROM PRODUTO WHERE ID=1205
DELETE FROM PRODUTO WHERE ID=1206
DELETE FROM PRODUTO WHERE ID=1207
DELETE FROM PRODUTO WHERE ID=1208
DELETE FROM PRODUTO WHERE ID=1209
DELETE FROM PRODUTO WHERE ID=1210
DELETE FROM PRODUTO WHERE ID=1211
DELETE FROM PRODUTO WHERE ID=1212
DELETE FROM PRODUTO WHERE ID=1213
DELETE FROM PRODUTO WHERE ID=1214
DELETE FROM PRODUTO WHERE ID=1215
DELETE FROM PRODUTO WHERE ID=1216
DELETE FROM PRODUTO WHERE ID=1217
DELETE FROM PRODUTO WHERE ID=1218
DELETE FROM PRODUTO WHERE ID=1219
DELETE FROM PRODUTO WHERE ID=1220
DELETE FROM PRODUTO WHERE ID=1221
DELETE FROM PRODUTO WHERE ID=1222
DELETE FROM PRODUTO WHERE ID=1223
DELETE FROM PRODUTO WHERE ID=1224
DELETE FROM PRODUTO WHERE ID=1225
DELETE FROM PRODUTO WHERE ID=1226
DELETE FROM PRODUTO WHERE ID=1227
DELETE FROM PRODUTO WHERE ID=1228
DELETE FROM PRODUTO WHERE ID=1229
DELETE FROM PRODUTO WHERE ID=1230
DELETE FROM PRODUTO WHERE ID=1231
DELETE FROM PRODUTO WHERE ID=1232
DELETE FROM PRODUTO WHERE ID=1233
DELETE FROM PRODUTO WHERE ID=1234
DELETE FROM PRODUTO WHERE ID=1235
DELETE FROM PRODUTO WHERE ID=1236
DELETE FROM PRODUTO WHERE ID=1237
DELETE FROM PRODUTO WHERE ID=1238
DELETE FROM PRODUTO WHERE ID=1239
DELETE FROM PRODUTO WHERE ID=1240
DELETE FROM PRODUTO WHERE ID=1241
DELETE FROM PRODUTO WHERE ID=1242
DELETE FROM PRODUTO WHERE ID=1243
DELETE FROM PRODUTO WHERE ID=1244
DELETE FROM PRODUTO WHERE ID=1245
DELETE FROM PRODUTO WHERE ID=1246
DELETE FROM PRODUTO WHERE ID=1247
COMMIT
/*C4*/SET SCHEMA PUBLIC
INSERT INTO PRODUTO VALUES(1248,'Nintendo Switch','V\u00eddeo game hibrido')
COMMIT
SET SCHEMA PUBLIC
DISCONNECT
/*C5*/SET SCHEMA PUBLIC
INSERT INTO PRODUTO VALUES(1249,'GameBoy SP','cl\u00e1ssico portatil Nintendo.')
COMMIT
SET SCHEMA PUBLIC
DISCONNECT
/*C6*/SET SCHEMA PUBLIC
DISCONNECT
/*C7*/SET SCHEMA PUBLIC
DISCONNECT
/*C8*/SET SCHEMA PUBLIC
DISCONNECT
